ERROR 2014-03-10 04:07:28,148 base 15384 15592 Internal Server Error: /sms/
Traceback (most recent call last):
  File "C:\Workspace\Hackathon2014\site-packages\django\core\handlers\base.py", line 114, in get_response
    response = wrapped_callback(request, *callback_args, **callback_kwargs)
  File "C:\Workspace\Hackathon2014\site-packages\django\views\decorators\csrf.py", line 57, in wrapped_view
    return view_func(*args, **kwargs)
  File "C:\Workspace\Hackathon2014\site-packages\django_twilio\decorators.py", line 96, in decorator
    response = f(request_or_self, *args, **kwargs)
  File "C:\Workspace\Hackathon2014\SAMVotes\vote_app\views.py", line 15, in reply_to_sms_messages
    TextPhone.run('what up!!')
TypeError: unbound method run() must be called with TextPhone instance as first argument (got str instance instead)
ERROR 2014-03-10 04:08:12,384 base 14984 12596 Internal Server Error: /sms/
Traceback (most recent call last):
  File "C:\Workspace\Hackathon2014\site-packages\django\core\handlers\base.py", line 114, in get_response
    response = wrapped_callback(request, *callback_args, **callback_kwargs)
  File "C:\Workspace\Hackathon2014\site-packages\django\views\decorators\csrf.py", line 57, in wrapped_view
    return view_func(*args, **kwargs)
  File "C:\Workspace\Hackathon2014\site-packages\django_twilio\decorators.py", line 96, in decorator
    response = f(request_or_self, *args, **kwargs)
  File "C:\Workspace\Hackathon2014\SAMVotes\vote_app\views.py", line 16, in reply_to_sms_messages
    t.run('what up!!!')
TypeError: unbound method run() must be called with TextPhone instance as first argument (got str instance instead)
ERROR 2014-03-10 04:26:21,588 base 14728 14740 Internal Server Error: /sms/
Traceback (most recent call last):
  File "C:\Workspace\Hackathon2014\site-packages\django\core\handlers\base.py", line 114, in get_response
    response = wrapped_callback(request, *callback_args, **callback_kwargs)
  File "C:\Workspace\Hackathon2014\SAMVotes\vote_app\views.py", line 14, in reply_to_sms_messages
    p = request._get('From')
AttributeError: 'WSGIRequest' object has no attribute '_get'
ERROR 2014-03-10 04:29:05,595 base 8940 10248 Internal Server Error: /sms/
Traceback (most recent call last):
  File "C:\Workspace\Hackathon2014\site-packages\django\core\handlers\base.py", line 114, in get_response
    response = wrapped_callback(request, *callback_args, **callback_kwargs)
  File "C:\Workspace\Hackathon2014\SAMVotes\vote_app\views.py", line 14, in reply_to_sms_messages
    p = request.GET('From')
TypeError: 'QueryDict' object is not callable
DEBUG 2014-03-10 05:15:17,507 util 1856 8880 (0.033) QUERY = "\n            SELECT name FROM sqlite_master\n            WHERE type='table' AND NOT name='sqlite_sequence'\n            ORDER BY name" - PARAMS = (); args=None
DEBUG 2014-03-10 05:15:17,530 util 1856 8880 (0.000) QUERY = u'BEGIN' - PARAMS = (); args=None
DEBUG 2014-03-10 05:15:17,533 util 1856 8880 (0.002) QUERY = u'CREATE TABLE "vote_app_user" (\n    "id" integer NOT NULL PRIMARY KEY,\n    "time" datetime NOT NULL,\n    "number" integer NOT NULL,\n    "body" varchar(50) NOT NULL\n)\n;' - PARAMS = (); args=None
DEBUG 2014-03-10 05:15:17,605 util 1856 8880 (0.001) QUERY = u'SELECT "django_content_type"."id", "django_content_type"."name", "django_content_type"."app_label", "django_content_type"."model" FROM "django_content_type" WHERE ("django_content_type"."model" = %s  AND "django_content_type"."app_label" = %s )' - PARAMS = (u'permission', u'auth'); args=('permission', u'auth')
DEBUG 2014-03-10 05:15:17,609 util 1856 8880 (0.000) QUERY = u'SELECT "django_content_type"."id", "django_content_type"."name", "django_content_type"."app_label", "django_content_type"."model" FROM "django_content_type" WHERE ("django_content_type"."model" = %s  AND "django_content_type"."app_label" = %s )' - PARAMS = (u'group', u'auth'); args=('group', u'auth')
DEBUG 2014-03-10 05:15:17,614 util 1856 8880 (0.001) QUERY = u'SELECT "django_content_type"."id", "django_content_type"."name", "django_content_type"."app_label", "django_content_type"."model" FROM "django_content_type" WHERE ("django_content_type"."model" = %s  AND "django_content_type"."app_label" = %s )' - PARAMS = (u'user', u'auth'); args=('user', u'auth')
DEBUG 2014-03-10 05:15:17,618 util 1856 8880 (0.001) QUERY = u'SELECT "auth_permission"."content_type_id", "auth_permission"."codename" FROM "auth_permission" INNER JOIN "django_content_type" ON ( "auth_permission"."content_type_id" = "django_content_type"."id" ) WHERE "auth_permission"."content_type_id" IN (%s, %s, %s) ORDER BY "django_content_type"."app_label" ASC, "django_content_type"."model" ASC, "auth_permission"."codename" ASC' - PARAMS = (1, 2, 3); args=(1, 2, 3)
DEBUG 2014-03-10 05:15:17,621 util 1856 8880 (0.001) QUERY = u'SELECT "django_content_type"."id", "django_content_type"."name", "django_content_type"."app_label", "django_content_type"."model" FROM "django_content_type" WHERE "django_content_type"."app_label" = %s  ORDER BY "django_content_type"."name" ASC' - PARAMS = (u'auth',); args=(u'auth',)
DEBUG 2014-03-10 05:15:17,625 util 1856 8880 (0.001) QUERY = u'SELECT "django_content_type"."id", "django_content_type"."name", "django_content_type"."app_label", "django_content_type"."model" FROM "django_content_type" WHERE ("django_content_type"."model" = %s  AND "django_content_type"."app_label" = %s )' - PARAMS = (u'contenttype', u'contenttypes'); args=('contenttype', u'contenttypes')
DEBUG 2014-03-10 05:15:17,631 util 1856 8880 (0.001) QUERY = u'SELECT "auth_permission"."content_type_id", "auth_permission"."codename" FROM "auth_permission" INNER JOIN "django_content_type" ON ( "auth_permission"."content_type_id" = "django_content_type"."id" ) WHERE "auth_permission"."content_type_id" IN (%s) ORDER BY "django_content_type"."app_label" ASC, "django_content_type"."model" ASC, "auth_permission"."codename" ASC' - PARAMS = (4,); args=(4,)
DEBUG 2014-03-10 05:15:17,634 util 1856 8880 (0.001) QUERY = u'SELECT "django_content_type"."id", "django_content_type"."name", "django_content_type"."app_label", "django_content_type"."model" FROM "django_content_type" WHERE "django_content_type"."app_label" = %s  ORDER BY "django_content_type"."name" ASC' - PARAMS = (u'contenttypes',); args=(u'contenttypes',)
DEBUG 2014-03-10 05:15:17,634 util 1856 8880 (0.000) QUERY = u'SELECT "django_content_type"."id", "django_content_type"."name", "django_content_type"."app_label", "django_content_type"."model" FROM "django_content_type" WHERE ("django_content_type"."model" = %s  AND "django_content_type"."app_label" = %s )' - PARAMS = (u'session', u'sessions'); args=('session', u'sessions')
DEBUG 2014-03-10 05:15:17,635 util 1856 8880 (0.000) QUERY = u'SELECT "auth_permission"."content_type_id", "auth_permission"."codename" FROM "auth_permission" INNER JOIN "django_content_type" ON ( "auth_permission"."content_type_id" = "django_content_type"."id" ) WHERE "auth_permission"."content_type_id" IN (%s) ORDER BY "django_content_type"."app_label" ASC, "django_content_type"."model" ASC, "auth_permission"."codename" ASC' - PARAMS = (5,); args=(5,)
DEBUG 2014-03-10 05:15:17,637 util 1856 8880 (0.000) QUERY = u'SELECT "django_content_type"."id", "django_content_type"."name", "django_content_type"."app_label", "django_content_type"."model" FROM "django_content_type" WHERE "django_content_type"."app_label" = %s  ORDER BY "django_content_type"."name" ASC' - PARAMS = (u'sessions',); args=(u'sessions',)
DEBUG 2014-03-10 05:15:17,638 util 1856 8880 (0.000) QUERY = u'SELECT "django_content_type"."id", "django_content_type"."name", "django_content_type"."app_label", "django_content_type"."model" FROM "django_content_type" WHERE ("django_content_type"."model" = %s  AND "django_content_type"."app_label" = %s )' - PARAMS = (u'site', u'sites'); args=('site', u'sites')
DEBUG 2014-03-10 05:15:17,641 util 1856 8880 (0.000) QUERY = u'SELECT "auth_permission"."content_type_id", "auth_permission"."codename" FROM "auth_permission" INNER JOIN "django_content_type" ON ( "auth_permission"."content_type_id" = "django_content_type"."id" ) WHERE "auth_permission"."content_type_id" IN (%s) ORDER BY "django_content_type"."app_label" ASC, "django_content_type"."model" ASC, "auth_permission"."codename" ASC' - PARAMS = (6,); args=(6,)
DEBUG 2014-03-10 05:15:17,641 util 1856 8880 (0.000) QUERY = u'SELECT "django_content_type"."id", "django_content_type"."name", "django_content_type"."app_label", "django_content_type"."model" FROM "django_content_type" WHERE "django_content_type"."app_label" = %s  ORDER BY "django_content_type"."name" ASC' - PARAMS = (u'sites',); args=(u'sites',)
DEBUG 2014-03-10 05:15:17,644 util 1856 8880 (0.000) QUERY = u'SELECT "django_content_type"."id", "django_content_type"."name", "django_content_type"."app_label", "django_content_type"."model" FROM "django_content_type" WHERE ("django_content_type"."model" = %s  AND "django_content_type"."app_label" = %s )' - PARAMS = (u'user', u'vote_app'); args=('user', u'vote_app')
DEBUG 2014-03-10 05:15:17,644 util 1856 8880 (0.000) QUERY = u'BEGIN' - PARAMS = (); args=None
DEBUG 2014-03-10 05:15:17,647 util 1856 8880 (0.001) QUERY = u'INSERT INTO "django_content_type" ("name", "app_label", "model") VALUES (%s, %s, %s)' - PARAMS = (u'user', u'vote_app', u'user'); args=[u'user', u'vote_app', 'user']
DEBUG 2014-03-10 05:15:17,654 util 1856 8880 (0.000) QUERY = u'SELECT "auth_permission"."content_type_id", "auth_permission"."codename" FROM "auth_permission" INNER JOIN "django_content_type" ON ( "auth_permission"."content_type_id" = "django_content_type"."id" ) WHERE "auth_permission"."content_type_id" IN (%s) ORDER BY "django_content_type"."app_label" ASC, "django_content_type"."model" ASC, "auth_permission"."codename" ASC' - PARAMS = (9,); args=(9,)
DEBUG 2014-03-10 05:15:17,655 util 1856 8880 (0.000) QUERY = u'BEGIN' - PARAMS = (); args=None
DEBUG 2014-03-10 05:15:17,658 util 1856 8880 (0.003) QUERY = u'INSERT INTO "auth_permission" ("name", "content_type_id", "codename") SELECT %s AS "name", %s AS "content_type_id", %s AS "codename" UNION ALL SELECT %s, %s, %s UNION ALL SELECT %s, %s, %s' - PARAMS = (u'Can add user', 9, u'add_user', u'Can change user', 9, u'change_user', u'Can delete user', 9, u'delete_user'); args=(u'Can add user', 9, u'add_user', u'Can change user', 9, u'change_user', u'Can delete user', 9, u'delete_user')
DEBUG 2014-03-10 05:15:17,665 util 1856 8880 (0.000) QUERY = u'SELECT "django_content_type"."id", "django_content_type"."name", "django_content_type"."app_label", "django_content_type"."model" FROM "django_content_type" WHERE "django_content_type"."app_label" = %s  ORDER BY "django_content_type"."name" ASC' - PARAMS = (u'vote_app',); args=(u'vote_app',)
DEBUG 2014-03-10 05:15:17,667 util 1856 8880 (0.000) QUERY = u'SELECT "django_content_type"."id", "django_content_type"."name", "django_content_type"."app_label", "django_content_type"."model" FROM "django_content_type" WHERE ("django_content_type"."model" = %s  AND "django_content_type"."app_label" = %s )' - PARAMS = (u'caller', u'django_twilio'); args=('caller', u'django_twilio')
DEBUG 2014-03-10 05:15:17,667 util 1856 8880 (0.000) QUERY = u'SELECT "django_content_type"."id", "django_content_type"."name", "django_content_type"."app_label", "django_content_type"."model" FROM "django_content_type" WHERE ("django_content_type"."model" = %s  AND "django_content_type"."app_label" = %s )' - PARAMS = (u'credential', u'django_twilio'); args=('credential', u'django_twilio')
DEBUG 2014-03-10 05:15:17,668 util 1856 8880 (0.001) QUERY = u'SELECT "auth_permission"."content_type_id", "auth_permission"."codename" FROM "auth_permission" INNER JOIN "django_content_type" ON ( "auth_permission"."content_type_id" = "django_content_type"."id" ) WHERE "auth_permission"."content_type_id" IN (%s, %s) ORDER BY "django_content_type"."app_label" ASC, "django_content_type"."model" ASC, "auth_permission"."codename" ASC' - PARAMS = (8, 7); args=(8, 7)
DEBUG 2014-03-10 05:15:17,668 util 1856 8880 (0.000) QUERY = u'SELECT "django_content_type"."id", "django_content_type"."name", "django_content_type"."app_label", "django_content_type"."model" FROM "django_content_type" WHERE "django_content_type"."app_label" = %s  ORDER BY "django_content_type"."name" ASC' - PARAMS = (u'django_twilio',); args=(u'django_twilio',)
DEBUG 2014-03-10 05:15:17,763 util 1856 8880 (0.000) QUERY = u'BEGIN' - PARAMS = (); args=None
DEBUG 2014-03-10 05:19:04,938 util 10396 11908 (0.001) QUERY = "\n            SELECT name FROM sqlite_master\n            WHERE type='table' AND NOT name='sqlite_sequence'\n            ORDER BY name" - PARAMS = (); args=None
DEBUG 2014-03-10 05:19:04,940 util 10396 11908 (0.000) QUERY = u'BEGIN' - PARAMS = (); args=None
DEBUG 2014-03-10 05:19:04,943 util 10396 11908 (0.000) QUERY = u'SELECT "django_content_type"."id", "django_content_type"."name", "django_content_type"."app_label", "django_content_type"."model" FROM "django_content_type" WHERE ("django_content_type"."model" = %s  AND "django_content_type"."app_label" = %s )' - PARAMS = (u'permission', u'auth'); args=('permission', u'auth')
DEBUG 2014-03-10 05:19:04,944 util 10396 11908 (0.000) QUERY = u'SELECT "django_content_type"."id", "django_content_type"."name", "django_content_type"."app_label", "django_content_type"."model" FROM "django_content_type" WHERE ("django_content_type"."model" = %s  AND "django_content_type"."app_label" = %s )' - PARAMS = (u'group', u'auth'); args=('group', u'auth')
DEBUG 2014-03-10 05:19:04,944 util 10396 11908 (0.000) QUERY = u'SELECT "django_content_type"."id", "django_content_type"."name", "django_content_type"."app_label", "django_content_type"."model" FROM "django_content_type" WHERE ("django_content_type"."model" = %s  AND "django_content_type"."app_label" = %s )' - PARAMS = (u'user', u'auth'); args=('user', u'auth')
DEBUG 2014-03-10 05:19:04,946 util 10396 11908 (0.000) QUERY = u'SELECT "auth_permission"."content_type_id", "auth_permission"."codename" FROM "auth_permission" INNER JOIN "django_content_type" ON ( "auth_permission"."content_type_id" = "django_content_type"."id" ) WHERE "auth_permission"."content_type_id" IN (%s, %s, %s) ORDER BY "django_content_type"."app_label" ASC, "django_content_type"."model" ASC, "auth_permission"."codename" ASC' - PARAMS = (1, 2, 3); args=(1, 2, 3)
DEBUG 2014-03-10 05:19:04,947 util 10396 11908 (0.000) QUERY = u'SELECT "django_content_type"."id", "django_content_type"."name", "django_content_type"."app_label", "django_content_type"."model" FROM "django_content_type" WHERE "django_content_type"."app_label" = %s  ORDER BY "django_content_type"."name" ASC' - PARAMS = (u'auth',); args=(u'auth',)
DEBUG 2014-03-10 05:19:04,947 util 10396 11908 (0.000) QUERY = u'SELECT "django_content_type"."id", "django_content_type"."name", "django_content_type"."app_label", "django_content_type"."model" FROM "django_content_type" WHERE ("django_content_type"."model" = %s  AND "django_content_type"."app_label" = %s )' - PARAMS = (u'contenttype', u'contenttypes'); args=('contenttype', u'contenttypes')
DEBUG 2014-03-10 05:19:04,948 util 10396 11908 (0.000) QUERY = u'SELECT "auth_permission"."content_type_id", "auth_permission"."codename" FROM "auth_permission" INNER JOIN "django_content_type" ON ( "auth_permission"."content_type_id" = "django_content_type"."id" ) WHERE "auth_permission"."content_type_id" IN (%s) ORDER BY "django_content_type"."app_label" ASC, "django_content_type"."model" ASC, "auth_permission"."codename" ASC' - PARAMS = (4,); args=(4,)
DEBUG 2014-03-10 05:19:04,950 util 10396 11908 (0.000) QUERY = u'SELECT "django_content_type"."id", "django_content_type"."name", "django_content_type"."app_label", "django_content_type"."model" FROM "django_content_type" WHERE "django_content_type"."app_label" = %s  ORDER BY "django_content_type"."name" ASC' - PARAMS = (u'contenttypes',); args=(u'contenttypes',)
DEBUG 2014-03-10 05:19:04,950 util 10396 11908 (0.000) QUERY = u'SELECT "django_content_type"."id", "django_content_type"."name", "django_content_type"."app_label", "django_content_type"."model" FROM "django_content_type" WHERE ("django_content_type"."model" = %s  AND "django_content_type"."app_label" = %s )' - PARAMS = (u'session', u'sessions'); args=('session', u'sessions')
DEBUG 2014-03-10 05:19:04,951 util 10396 11908 (0.000) QUERY = u'SELECT "auth_permission"."content_type_id", "auth_permission"."codename" FROM "auth_permission" INNER JOIN "django_content_type" ON ( "auth_permission"."content_type_id" = "django_content_type"."id" ) WHERE "auth_permission"."content_type_id" IN (%s) ORDER BY "django_content_type"."app_label" ASC, "django_content_type"."model" ASC, "auth_permission"."codename" ASC' - PARAMS = (5,); args=(5,)
DEBUG 2014-03-10 05:19:04,953 util 10396 11908 (0.000) QUERY = u'SELECT "django_content_type"."id", "django_content_type"."name", "django_content_type"."app_label", "django_content_type"."model" FROM "django_content_type" WHERE "django_content_type"."app_label" = %s  ORDER BY "django_content_type"."name" ASC' - PARAMS = (u'sessions',); args=(u'sessions',)
DEBUG 2014-03-10 05:19:04,953 util 10396 11908 (0.000) QUERY = u'SELECT "django_content_type"."id", "django_content_type"."name", "django_content_type"."app_label", "django_content_type"."model" FROM "django_content_type" WHERE ("django_content_type"."model" = %s  AND "django_content_type"."app_label" = %s )' - PARAMS = (u'site', u'sites'); args=('site', u'sites')
DEBUG 2014-03-10 05:19:04,954 util 10396 11908 (0.000) QUERY = u'SELECT "auth_permission"."content_type_id", "auth_permission"."codename" FROM "auth_permission" INNER JOIN "django_content_type" ON ( "auth_permission"."content_type_id" = "django_content_type"."id" ) WHERE "auth_permission"."content_type_id" IN (%s) ORDER BY "django_content_type"."app_label" ASC, "django_content_type"."model" ASC, "auth_permission"."codename" ASC' - PARAMS = (6,); args=(6,)
DEBUG 2014-03-10 05:19:04,956 util 10396 11908 (0.000) QUERY = u'SELECT "django_content_type"."id", "django_content_type"."name", "django_content_type"."app_label", "django_content_type"."model" FROM "django_content_type" WHERE "django_content_type"."app_label" = %s  ORDER BY "django_content_type"."name" ASC' - PARAMS = (u'sites',); args=(u'sites',)
DEBUG 2014-03-10 05:19:04,959 util 10396 11908 (0.001) QUERY = u'SELECT "django_content_type"."id", "django_content_type"."name", "django_content_type"."app_label", "django_content_type"."model" FROM "django_content_type" WHERE ("django_content_type"."model" = %s  AND "django_content_type"."app_label" = %s )' - PARAMS = (u'user', u'vote_app'); args=('user', u'vote_app')
DEBUG 2014-03-10 05:19:04,960 util 10396 11908 (0.000) QUERY = u'SELECT "auth_permission"."content_type_id", "auth_permission"."codename" FROM "auth_permission" INNER JOIN "django_content_type" ON ( "auth_permission"."content_type_id" = "django_content_type"."id" ) WHERE "auth_permission"."content_type_id" IN (%s) ORDER BY "django_content_type"."app_label" ASC, "django_content_type"."model" ASC, "auth_permission"."codename" ASC' - PARAMS = (9,); args=(9,)
DEBUG 2014-03-10 05:19:04,960 util 10396 11908 (0.000) QUERY = u'SELECT "django_content_type"."id", "django_content_type"."name", "django_content_type"."app_label", "django_content_type"."model" FROM "django_content_type" WHERE "django_content_type"."app_label" = %s  ORDER BY "django_content_type"."name" ASC' - PARAMS = (u'vote_app',); args=(u'vote_app',)
DEBUG 2014-03-10 05:19:04,961 util 10396 11908 (0.000) QUERY = u'SELECT "django_content_type"."id", "django_content_type"."name", "django_content_type"."app_label", "django_content_type"."model" FROM "django_content_type" WHERE ("django_content_type"."model" = %s  AND "django_content_type"."app_label" = %s )' - PARAMS = (u'caller', u'django_twilio'); args=('caller', u'django_twilio')
DEBUG 2014-03-10 05:19:04,961 util 10396 11908 (0.000) QUERY = u'SELECT "django_content_type"."id", "django_content_type"."name", "django_content_type"."app_label", "django_content_type"."model" FROM "django_content_type" WHERE ("django_content_type"."model" = %s  AND "django_content_type"."app_label" = %s )' - PARAMS = (u'credential', u'django_twilio'); args=('credential', u'django_twilio')
DEBUG 2014-03-10 05:19:04,963 util 10396 11908 (0.001) QUERY = u'SELECT "auth_permission"."content_type_id", "auth_permission"."codename" FROM "auth_permission" INNER JOIN "django_content_type" ON ( "auth_permission"."content_type_id" = "django_content_type"."id" ) WHERE "auth_permission"."content_type_id" IN (%s, %s) ORDER BY "django_content_type"."app_label" ASC, "django_content_type"."model" ASC, "auth_permission"."codename" ASC' - PARAMS = (8, 7); args=(8, 7)
DEBUG 2014-03-10 05:19:04,966 util 10396 11908 (0.001) QUERY = u'SELECT "django_content_type"."id", "django_content_type"."name", "django_content_type"."app_label", "django_content_type"."model" FROM "django_content_type" WHERE "django_content_type"."app_label" = %s  ORDER BY "django_content_type"."name" ASC' - PARAMS = (u'django_twilio',); args=(u'django_twilio',)
DEBUG 2014-03-10 05:19:04,970 util 10396 11908 (0.000) QUERY = u'BEGIN' - PARAMS = (); args=None
DEBUG 2014-03-10 05:30:00,565 util 15292 15828 (0.000) QUERY = "\n            SELECT name FROM sqlite_master\n            WHERE type='table' AND NOT name='sqlite_sequence'\n            ORDER BY name" - PARAMS = (); args=None
DEBUG 2014-03-10 05:30:00,565 util 15292 15828 (0.000) QUERY = u'BEGIN' - PARAMS = (); args=None
DEBUG 2014-03-10 05:30:00,568 util 15292 15828 (0.000) QUERY = u'SELECT "django_content_type"."id", "django_content_type"."name", "django_content_type"."app_label", "django_content_type"."model" FROM "django_content_type" WHERE ("django_content_type"."model" = %s  AND "django_content_type"."app_label" = %s )' - PARAMS = (u'permission', u'auth'); args=('permission', u'auth')
DEBUG 2014-03-10 05:30:00,569 util 15292 15828 (0.000) QUERY = u'SELECT "django_content_type"."id", "django_content_type"."name", "django_content_type"."app_label", "django_content_type"."model" FROM "django_content_type" WHERE ("django_content_type"."model" = %s  AND "django_content_type"."app_label" = %s )' - PARAMS = (u'group', u'auth'); args=('group', u'auth')
DEBUG 2014-03-10 05:30:00,569 util 15292 15828 (0.000) QUERY = u'SELECT "django_content_type"."id", "django_content_type"."name", "django_content_type"."app_label", "django_content_type"."model" FROM "django_content_type" WHERE ("django_content_type"."model" = %s  AND "django_content_type"."app_label" = %s )' - PARAMS = (u'user', u'auth'); args=('user', u'auth')
DEBUG 2014-03-10 05:30:00,572 util 15292 15828 (0.001) QUERY = u'SELECT "auth_permission"."content_type_id", "auth_permission"."codename" FROM "auth_permission" INNER JOIN "django_content_type" ON ( "auth_permission"."content_type_id" = "django_content_type"."id" ) WHERE "auth_permission"."content_type_id" IN (%s, %s, %s) ORDER BY "django_content_type"."app_label" ASC, "django_content_type"."model" ASC, "auth_permission"."codename" ASC' - PARAMS = (1, 2, 3); args=(1, 2, 3)
DEBUG 2014-03-10 05:30:00,572 util 15292 15828 (0.001) QUERY = u'SELECT "django_content_type"."id", "django_content_type"."name", "django_content_type"."app_label", "django_content_type"."model" FROM "django_content_type" WHERE "django_content_type"."app_label" = %s  ORDER BY "django_content_type"."name" ASC' - PARAMS = (u'auth',); args=(u'auth',)
DEBUG 2014-03-10 05:30:00,573 util 15292 15828 (0.000) QUERY = u'SELECT "django_content_type"."id", "django_content_type"."name", "django_content_type"."app_label", "django_content_type"."model" FROM "django_content_type" WHERE ("django_content_type"."model" = %s  AND "django_content_type"."app_label" = %s )' - PARAMS = (u'contenttype', u'contenttypes'); args=('contenttype', u'contenttypes')
DEBUG 2014-03-10 05:30:00,575 util 15292 15828 (0.000) QUERY = u'SELECT "auth_permission"."content_type_id", "auth_permission"."codename" FROM "auth_permission" INNER JOIN "django_content_type" ON ( "auth_permission"."content_type_id" = "django_content_type"."id" ) WHERE "auth_permission"."content_type_id" IN (%s) ORDER BY "django_content_type"."app_label" ASC, "django_content_type"."model" ASC, "auth_permission"."codename" ASC' - PARAMS = (4,); args=(4,)
DEBUG 2014-03-10 05:30:00,575 util 15292 15828 (0.000) QUERY = u'SELECT "django_content_type"."id", "django_content_type"."name", "django_content_type"."app_label", "django_content_type"."model" FROM "django_content_type" WHERE "django_content_type"."app_label" = %s  ORDER BY "django_content_type"."name" ASC' - PARAMS = (u'contenttypes',); args=(u'contenttypes',)
DEBUG 2014-03-10 05:30:00,576 util 15292 15828 (0.000) QUERY = u'SELECT "django_content_type"."id", "django_content_type"."name", "django_content_type"."app_label", "django_content_type"."model" FROM "django_content_type" WHERE ("django_content_type"."model" = %s  AND "django_content_type"."app_label" = %s )' - PARAMS = (u'session', u'sessions'); args=('session', u'sessions')
DEBUG 2014-03-10 05:30:00,578 util 15292 15828 (0.000) QUERY = u'SELECT "auth_permission"."content_type_id", "auth_permission"."codename" FROM "auth_permission" INNER JOIN "django_content_type" ON ( "auth_permission"."content_type_id" = "django_content_type"."id" ) WHERE "auth_permission"."content_type_id" IN (%s) ORDER BY "django_content_type"."app_label" ASC, "django_content_type"."model" ASC, "auth_permission"."codename" ASC' - PARAMS = (5,); args=(5,)
DEBUG 2014-03-10 05:30:00,578 util 15292 15828 (0.000) QUERY = u'SELECT "django_content_type"."id", "django_content_type"."name", "django_content_type"."app_label", "django_content_type"."model" FROM "django_content_type" WHERE "django_content_type"."app_label" = %s  ORDER BY "django_content_type"."name" ASC' - PARAMS = (u'sessions',); args=(u'sessions',)
DEBUG 2014-03-10 05:30:00,579 util 15292 15828 (0.000) QUERY = u'SELECT "django_content_type"."id", "django_content_type"."name", "django_content_type"."app_label", "django_content_type"."model" FROM "django_content_type" WHERE ("django_content_type"."model" = %s  AND "django_content_type"."app_label" = %s )' - PARAMS = (u'site', u'sites'); args=('site', u'sites')
DEBUG 2014-03-10 05:30:00,581 util 15292 15828 (0.000) QUERY = u'SELECT "auth_permission"."content_type_id", "auth_permission"."codename" FROM "auth_permission" INNER JOIN "django_content_type" ON ( "auth_permission"."content_type_id" = "django_content_type"."id" ) WHERE "auth_permission"."content_type_id" IN (%s) ORDER BY "django_content_type"."app_label" ASC, "django_content_type"."model" ASC, "auth_permission"."codename" ASC' - PARAMS = (6,); args=(6,)
DEBUG 2014-03-10 05:30:00,582 util 15292 15828 (0.000) QUERY = u'SELECT "django_content_type"."id", "django_content_type"."name", "django_content_type"."app_label", "django_content_type"."model" FROM "django_content_type" WHERE "django_content_type"."app_label" = %s  ORDER BY "django_content_type"."name" ASC' - PARAMS = (u'sites',); args=(u'sites',)
DEBUG 2014-03-10 05:30:00,584 util 15292 15828 (0.000) QUERY = u'SELECT "django_content_type"."id", "django_content_type"."name", "django_content_type"."app_label", "django_content_type"."model" FROM "django_content_type" WHERE ("django_content_type"."model" = %s  AND "django_content_type"."app_label" = %s )' - PARAMS = (u'user', u'vote_app'); args=('user', u'vote_app')
DEBUG 2014-03-10 05:30:00,585 util 15292 15828 (0.000) QUERY = u'SELECT "auth_permission"."content_type_id", "auth_permission"."codename" FROM "auth_permission" INNER JOIN "django_content_type" ON ( "auth_permission"."content_type_id" = "django_content_type"."id" ) WHERE "auth_permission"."content_type_id" IN (%s) ORDER BY "django_content_type"."app_label" ASC, "django_content_type"."model" ASC, "auth_permission"."codename" ASC' - PARAMS = (9,); args=(9,)
DEBUG 2014-03-10 05:30:00,585 util 15292 15828 (0.000) QUERY = u'SELECT "django_content_type"."id", "django_content_type"."name", "django_content_type"."app_label", "django_content_type"."model" FROM "django_content_type" WHERE "django_content_type"."app_label" = %s  ORDER BY "django_content_type"."name" ASC' - PARAMS = (u'vote_app',); args=(u'vote_app',)
DEBUG 2014-03-10 05:30:00,586 util 15292 15828 (0.000) QUERY = u'SELECT "django_content_type"."id", "django_content_type"."name", "django_content_type"."app_label", "django_content_type"."model" FROM "django_content_type" WHERE ("django_content_type"."model" = %s  AND "django_content_type"."app_label" = %s )' - PARAMS = (u'caller', u'django_twilio'); args=('caller', u'django_twilio')
DEBUG 2014-03-10 05:30:00,588 util 15292 15828 (0.000) QUERY = u'SELECT "django_content_type"."id", "django_content_type"."name", "django_content_type"."app_label", "django_content_type"."model" FROM "django_content_type" WHERE ("django_content_type"."model" = %s  AND "django_content_type"."app_label" = %s )' - PARAMS = (u'credential', u'django_twilio'); args=('credential', u'django_twilio')
DEBUG 2014-03-10 05:30:00,591 util 15292 15828 (0.000) QUERY = u'SELECT "auth_permission"."content_type_id", "auth_permission"."codename" FROM "auth_permission" INNER JOIN "django_content_type" ON ( "auth_permission"."content_type_id" = "django_content_type"."id" ) WHERE "auth_permission"."content_type_id" IN (%s, %s) ORDER BY "django_content_type"."app_label" ASC, "django_content_type"."model" ASC, "auth_permission"."codename" ASC' - PARAMS = (8, 7); args=(8, 7)
DEBUG 2014-03-10 05:30:00,592 util 15292 15828 (0.000) QUERY = u'SELECT "django_content_type"."id", "django_content_type"."name", "django_content_type"."app_label", "django_content_type"."model" FROM "django_content_type" WHERE "django_content_type"."app_label" = %s  ORDER BY "django_content_type"."name" ASC' - PARAMS = (u'django_twilio',); args=(u'django_twilio',)
DEBUG 2014-03-10 05:30:00,598 util 15292 15828 (0.001) QUERY = u'BEGIN' - PARAMS = (); args=None
ERROR 2014-03-10 05:30:14,338 base 14672 1692 Internal Server Error: /
Traceback (most recent call last):
  File "C:\Workspace\Hackathon2014\site-packages\django\core\handlers\base.py", line 101, in get_response
    resolver_match = resolver.resolve(request.path_info)
  File "C:\Workspace\Hackathon2014\site-packages\django\core\urlresolvers.py", line 318, in resolve
    for pattern in self.url_patterns:
  File "C:\Workspace\Hackathon2014\site-packages\django\core\urlresolvers.py", line 346, in url_patterns
    patterns = getattr(self.urlconf_module, "urlpatterns", self.urlconf_module)
  File "C:\Workspace\Hackathon2014\site-packages\django\core\urlresolvers.py", line 341, in urlconf_module
    self._urlconf_module = import_module(self.urlconf_name)
  File "C:\Workspace\Hackathon2014\site-packages\django\utils\importlib.py", line 40, in import_module
    __import__(name)
  File "C:\Workspace\Hackathon2014\SAMVotes\SAMVotes\urls.py", line 2, in <module>
    from vote_app.views import reply_to_sms_messages
  File "C:\Workspace\Hackathon2014\SAMVotes\vote_app\views.py", line 6, in <module>
    import datetime.datetime
ImportError: No module named datetime
DEBUG 2014-03-10 05:31:00,329 util 14672 13344 (0.001) QUERY = u'SELECT "vote_app_user"."id", "vote_app_user"."time", "vote_app_user"."number", "vote_app_user"."body" FROM "vote_app_user"' - PARAMS = (); args=()
DEBUG 2014-03-10 05:31:59,427 util 14672 14276 (0.000) QUERY = u'BEGIN' - PARAMS = (); args=None
DEBUG 2014-03-10 05:31:59,473 util 14672 14276 (0.001) QUERY = u'INSERT INTO "vote_app_user" ("time", "number", "body") VALUES (%s, %s, %s)' - PARAMS = (u'2014-03-10 10:31:59.428000', 2812828181L, u'jksj'); args=[u'2014-03-10 10:31:59.428000', 2812828181L, u'jksj']
DEBUG 2014-03-10 05:32:10,674 util 14672 16032 (0.002) QUERY = u'SELECT "vote_app_user"."id", "vote_app_user"."time", "vote_app_user"."number", "vote_app_user"."body" FROM "vote_app_user"' - PARAMS = (); args=()
ERROR 2014-03-10 05:32:10,676 base 14672 16032 Internal Server Error: /jamie
Traceback (most recent call last):
  File "C:\Workspace\Hackathon2014\site-packages\django\core\handlers\base.py", line 114, in get_response
    response = wrapped_callback(request, *callback_args, **callback_kwargs)
  File "C:\Workspace\Hackathon2014\SAMVotes\vote_app\views.py", line 39, in jamie_view
    return HttpResponse(json.dumps(j_list), 'application/JSON')
  File "C:\Python27\ArcGISx6410.2\Lib\json\__init__.py", line 243, in dumps
    return _default_encoder.encode(obj)
  File "C:\Python27\ArcGISx6410.2\Lib\json\encoder.py", line 207, in encode
    chunks = self.iterencode(o, _one_shot=True)
  File "C:\Python27\ArcGISx6410.2\Lib\json\encoder.py", line 270, in iterencode
    return _iterencode(o, 0)
  File "C:\Python27\ArcGISx6410.2\Lib\json\encoder.py", line 184, in default
    raise TypeError(repr(o) + " is not JSON serializable")
TypeError: datetime.datetime(2014, 3, 10, 10, 31, 59, 428000, tzinfo=<UTC>) is not JSON serializable
DEBUG 2014-03-10 05:32:57,874 util 15716 15868 (0.002) QUERY = u'SELECT "vote_app_user"."id", "vote_app_user"."time", "vote_app_user"."number", "vote_app_user"."body" FROM "vote_app_user"' - PARAMS = (); args=()
WARNING 2014-03-10 05:35:39,326 base 7036 16092 Not Found: /jame
DEBUG 2014-03-10 05:35:45,426 util 7036 8140 (0.002) QUERY = u'SELECT "vote_app_user"."id", "vote_app_user"."time", "vote_app_user"."number", "vote_app_user"."body" FROM "vote_app_user" ORDER BY "vote_app_user"."time" ASC' - PARAMS = (); args=()
DEBUG 2014-03-10 05:39:51,673 util 7036 14828 (0.000) QUERY = u'BEGIN' - PARAMS = (); args=None
DEBUG 2014-03-10 05:39:51,680 util 7036 14828 (0.002) QUERY = u'INSERT INTO "vote_app_user" ("time", "number", "body") VALUES (%s, %s, %s)' - PARAMS = (u'2014-03-10 10:39:51.672000', 8784989, u'ljksjdfklj'); args=[u'2014-03-10 10:39:51.672000', 8784989, u'ljksjdfklj']
DEBUG 2014-03-10 05:40:00,841 util 7036 14204 (0.000) QUERY = u'BEGIN' - PARAMS = (); args=None
DEBUG 2014-03-10 05:40:00,845 util 7036 14204 (0.002) QUERY = u'INSERT INTO "vote_app_user" ("time", "number", "body") VALUES (%s, %s, %s)' - PARAMS = (u'2014-03-10 10:40:00.840000', 87823, u'ljksjdfklj'); args=[u'2014-03-10 10:40:00.840000', 87823, u'ljksjdfklj']
DEBUG 2014-03-10 05:40:07,834 util 7036 11000 (0.000) QUERY = u'SELECT "vote_app_user"."id", "vote_app_user"."time", "vote_app_user"."number", "vote_app_user"."body" FROM "vote_app_user" ORDER BY "vote_app_user"."time" ASC' - PARAMS = (); args=()
DEBUG 2014-03-10 05:52:55,642 util 8936 9040 (0.000) QUERY = "\n            SELECT name FROM sqlite_master\n            WHERE type='table' AND NOT name='sqlite_sequence'\n            ORDER BY name" - PARAMS = (); args=None
DEBUG 2014-03-10 05:52:55,642 util 8936 9040 (0.000) QUERY = u'BEGIN' - PARAMS = (); args=None
DEBUG 2014-03-10 05:52:55,645 util 8936 9040 (0.000) QUERY = u'SELECT "django_content_type"."id", "django_content_type"."name", "django_content_type"."app_label", "django_content_type"."model" FROM "django_content_type" WHERE ("django_content_type"."model" = %s  AND "django_content_type"."app_label" = %s )' - PARAMS = (u'permission', u'auth'); args=('permission', u'auth')
DEBUG 2014-03-10 05:52:55,647 util 8936 9040 (0.001) QUERY = u'SELECT "django_content_type"."id", "django_content_type"."name", "django_content_type"."app_label", "django_content_type"."model" FROM "django_content_type" WHERE ("django_content_type"."model" = %s  AND "django_content_type"."app_label" = %s )' - PARAMS = (u'group', u'auth'); args=('group', u'auth')
DEBUG 2014-03-10 05:52:55,648 util 8936 9040 (0.000) QUERY = u'SELECT "django_content_type"."id", "django_content_type"."name", "django_content_type"."app_label", "django_content_type"."model" FROM "django_content_type" WHERE ("django_content_type"."model" = %s  AND "django_content_type"."app_label" = %s )' - PARAMS = (u'user', u'auth'); args=('user', u'auth')
DEBUG 2014-03-10 05:52:55,648 util 8936 9040 (0.000) QUERY = u'SELECT "auth_permission"."content_type_id", "auth_permission"."codename" FROM "auth_permission" INNER JOIN "django_content_type" ON ( "auth_permission"."content_type_id" = "django_content_type"."id" ) WHERE "auth_permission"."content_type_id" IN (%s, %s, %s) ORDER BY "django_content_type"."app_label" ASC, "django_content_type"."model" ASC, "auth_permission"."codename" ASC' - PARAMS = (1, 2, 3); args=(1, 2, 3)
DEBUG 2014-03-10 05:52:55,650 util 8936 9040 (0.000) QUERY = u'SELECT "django_content_type"."id", "django_content_type"."name", "django_content_type"."app_label", "django_content_type"."model" FROM "django_content_type" WHERE "django_content_type"."app_label" = %s  ORDER BY "django_content_type"."name" ASC' - PARAMS = (u'auth',); args=(u'auth',)
DEBUG 2014-03-10 05:52:55,651 util 8936 9040 (0.000) QUERY = u'SELECT "django_content_type"."id", "django_content_type"."name", "django_content_type"."app_label", "django_content_type"."model" FROM "django_content_type" WHERE ("django_content_type"."model" = %s  AND "django_content_type"."app_label" = %s )' - PARAMS = (u'contenttype', u'contenttypes'); args=('contenttype', u'contenttypes')
DEBUG 2014-03-10 05:52:55,651 util 8936 9040 (0.000) QUERY = u'SELECT "auth_permission"."content_type_id", "auth_permission"."codename" FROM "auth_permission" INNER JOIN "django_content_type" ON ( "auth_permission"."content_type_id" = "django_content_type"."id" ) WHERE "auth_permission"."content_type_id" IN (%s) ORDER BY "django_content_type"."app_label" ASC, "django_content_type"."model" ASC, "auth_permission"."codename" ASC' - PARAMS = (4,); args=(4,)
DEBUG 2014-03-10 05:52:55,651 util 8936 9040 (0.000) QUERY = u'SELECT "django_content_type"."id", "django_content_type"."name", "django_content_type"."app_label", "django_content_type"."model" FROM "django_content_type" WHERE "django_content_type"."app_label" = %s  ORDER BY "django_content_type"."name" ASC' - PARAMS = (u'contenttypes',); args=(u'contenttypes',)
DEBUG 2014-03-10 05:52:55,653 util 8936 9040 (0.000) QUERY = u'SELECT "django_content_type"."id", "django_content_type"."name", "django_content_type"."app_label", "django_content_type"."model" FROM "django_content_type" WHERE ("django_content_type"."model" = %s  AND "django_content_type"."app_label" = %s )' - PARAMS = (u'session', u'sessions'); args=('session', u'sessions')
DEBUG 2014-03-10 05:52:55,654 util 8936 9040 (0.000) QUERY = u'SELECT "auth_permission"."content_type_id", "auth_permission"."codename" FROM "auth_permission" INNER JOIN "django_content_type" ON ( "auth_permission"."content_type_id" = "django_content_type"."id" ) WHERE "auth_permission"."content_type_id" IN (%s) ORDER BY "django_content_type"."app_label" ASC, "django_content_type"."model" ASC, "auth_permission"."codename" ASC' - PARAMS = (5,); args=(5,)
DEBUG 2014-03-10 05:52:55,654 util 8936 9040 (0.000) QUERY = u'SELECT "django_content_type"."id", "django_content_type"."name", "django_content_type"."app_label", "django_content_type"."model" FROM "django_content_type" WHERE "django_content_type"."app_label" = %s  ORDER BY "django_content_type"."name" ASC' - PARAMS = (u'sessions',); args=(u'sessions',)
DEBUG 2014-03-10 05:52:55,655 util 8936 9040 (0.000) QUERY = u'SELECT "django_content_type"."id", "django_content_type"."name", "django_content_type"."app_label", "django_content_type"."model" FROM "django_content_type" WHERE ("django_content_type"."model" = %s  AND "django_content_type"."app_label" = %s )' - PARAMS = (u'site', u'sites'); args=('site', u'sites')
DEBUG 2014-03-10 05:52:55,657 util 8936 9040 (0.000) QUERY = u'SELECT "auth_permission"."content_type_id", "auth_permission"."codename" FROM "auth_permission" INNER JOIN "django_content_type" ON ( "auth_permission"."content_type_id" = "django_content_type"."id" ) WHERE "auth_permission"."content_type_id" IN (%s) ORDER BY "django_content_type"."app_label" ASC, "django_content_type"."model" ASC, "auth_permission"."codename" ASC' - PARAMS = (6,); args=(6,)
DEBUG 2014-03-10 05:52:55,657 util 8936 9040 (0.000) QUERY = u'SELECT "django_content_type"."id", "django_content_type"."name", "django_content_type"."app_label", "django_content_type"."model" FROM "django_content_type" WHERE "django_content_type"."app_label" = %s  ORDER BY "django_content_type"."name" ASC' - PARAMS = (u'sites',); args=(u'sites',)
DEBUG 2014-03-10 05:52:55,660 util 8936 9040 (0.000) QUERY = u'SELECT "django_content_type"."id", "django_content_type"."name", "django_content_type"."app_label", "django_content_type"."model" FROM "django_content_type" WHERE ("django_content_type"."model" = %s  AND "django_content_type"."app_label" = %s )' - PARAMS = (u'user', u'vote_app'); args=('user', u'vote_app')
DEBUG 2014-03-10 05:52:55,661 util 8936 9040 (0.000) QUERY = u'SELECT "auth_permission"."content_type_id", "auth_permission"."codename" FROM "auth_permission" INNER JOIN "django_content_type" ON ( "auth_permission"."content_type_id" = "django_content_type"."id" ) WHERE "auth_permission"."content_type_id" IN (%s) ORDER BY "django_content_type"."app_label" ASC, "django_content_type"."model" ASC, "auth_permission"."codename" ASC' - PARAMS = (9,); args=(9,)
DEBUG 2014-03-10 05:52:55,661 util 8936 9040 (0.000) QUERY = u'SELECT "django_content_type"."id", "django_content_type"."name", "django_content_type"."app_label", "django_content_type"."model" FROM "django_content_type" WHERE "django_content_type"."app_label" = %s  ORDER BY "django_content_type"."name" ASC' - PARAMS = (u'vote_app',); args=(u'vote_app',)
DEBUG 2014-03-10 05:52:55,663 util 8936 9040 (0.000) QUERY = u'SELECT "django_content_type"."id", "django_content_type"."name", "django_content_type"."app_label", "django_content_type"."model" FROM "django_content_type" WHERE ("django_content_type"."model" = %s  AND "django_content_type"."app_label" = %s )' - PARAMS = (u'caller', u'django_twilio'); args=('caller', u'django_twilio')
DEBUG 2014-03-10 05:52:55,664 util 8936 9040 (0.000) QUERY = u'SELECT "django_content_type"."id", "django_content_type"."name", "django_content_type"."app_label", "django_content_type"."model" FROM "django_content_type" WHERE ("django_content_type"."model" = %s  AND "django_content_type"."app_label" = %s )' - PARAMS = (u'credential', u'django_twilio'); args=('credential', u'django_twilio')
DEBUG 2014-03-10 05:52:55,665 util 8936 9040 (0.001) QUERY = u'SELECT "auth_permission"."content_type_id", "auth_permission"."codename" FROM "auth_permission" INNER JOIN "django_content_type" ON ( "auth_permission"."content_type_id" = "django_content_type"."id" ) WHERE "auth_permission"."content_type_id" IN (%s, %s) ORDER BY "django_content_type"."app_label" ASC, "django_content_type"."model" ASC, "auth_permission"."codename" ASC' - PARAMS = (8, 7); args=(8, 7)
DEBUG 2014-03-10 05:52:55,665 util 8936 9040 (0.000) QUERY = u'SELECT "django_content_type"."id", "django_content_type"."name", "django_content_type"."app_label", "django_content_type"."model" FROM "django_content_type" WHERE "django_content_type"."app_label" = %s  ORDER BY "django_content_type"."name" ASC' - PARAMS = (u'django_twilio',); args=(u'django_twilio',)
DEBUG 2014-03-10 05:52:55,671 util 8936 9040 (0.000) QUERY = u'BEGIN' - PARAMS = (); args=None
DEBUG 2014-03-10 05:53:09,690 util 4688 5840 (0.001) QUERY = "\n            SELECT name FROM sqlite_master\n            WHERE type='table' AND NOT name='sqlite_sequence'\n            ORDER BY name" - PARAMS = (); args=None
DEBUG 2014-03-10 05:53:09,691 util 4688 5840 (0.000) QUERY = u'BEGIN' - PARAMS = (); args=None
DEBUG 2014-03-10 05:53:09,694 util 4688 5840 (0.001) QUERY = u'SELECT "django_content_type"."id", "django_content_type"."name", "django_content_type"."app_label", "django_content_type"."model" FROM "django_content_type" WHERE ("django_content_type"."model" = %s  AND "django_content_type"."app_label" = %s )' - PARAMS = (u'permission', u'auth'); args=('permission', u'auth')
DEBUG 2014-03-10 05:53:09,694 util 4688 5840 (0.000) QUERY = u'SELECT "django_content_type"."id", "django_content_type"."name", "django_content_type"."app_label", "django_content_type"."model" FROM "django_content_type" WHERE ("django_content_type"."model" = %s  AND "django_content_type"."app_label" = %s )' - PARAMS = (u'group', u'auth'); args=('group', u'auth')
DEBUG 2014-03-10 05:53:09,696 util 4688 5840 (0.000) QUERY = u'SELECT "django_content_type"."id", "django_content_type"."name", "django_content_type"."app_label", "django_content_type"."model" FROM "django_content_type" WHERE ("django_content_type"."model" = %s  AND "django_content_type"."app_label" = %s )' - PARAMS = (u'user', u'auth'); args=('user', u'auth')
DEBUG 2014-03-10 05:53:09,697 util 4688 5840 (0.001) QUERY = u'SELECT "auth_permission"."content_type_id", "auth_permission"."codename" FROM "auth_permission" INNER JOIN "django_content_type" ON ( "auth_permission"."content_type_id" = "django_content_type"."id" ) WHERE "auth_permission"."content_type_id" IN (%s, %s, %s) ORDER BY "django_content_type"."app_label" ASC, "django_content_type"."model" ASC, "auth_permission"."codename" ASC' - PARAMS = (1, 2, 3); args=(1, 2, 3)
DEBUG 2014-03-10 05:53:09,697 util 4688 5840 (0.000) QUERY = u'SELECT "django_content_type"."id", "django_content_type"."name", "django_content_type"."app_label", "django_content_type"."model" FROM "django_content_type" WHERE "django_content_type"."app_label" = %s  ORDER BY "django_content_type"."name" ASC' - PARAMS = (u'auth',); args=(u'auth',)
DEBUG 2014-03-10 05:53:09,698 util 4688 5840 (0.000) QUERY = u'SELECT "django_content_type"."id", "django_content_type"."name", "django_content_type"."app_label", "django_content_type"."model" FROM "django_content_type" WHERE ("django_content_type"."model" = %s  AND "django_content_type"."app_label" = %s )' - PARAMS = (u'contenttype', u'contenttypes'); args=('contenttype', u'contenttypes')
DEBUG 2014-03-10 05:53:09,700 util 4688 5840 (0.000) QUERY = u'SELECT "auth_permission"."content_type_id", "auth_permission"."codename" FROM "auth_permission" INNER JOIN "django_content_type" ON ( "auth_permission"."content_type_id" = "django_content_type"."id" ) WHERE "auth_permission"."content_type_id" IN (%s) ORDER BY "django_content_type"."app_label" ASC, "django_content_type"."model" ASC, "auth_permission"."codename" ASC' - PARAMS = (4,); args=(4,)
DEBUG 2014-03-10 05:53:09,700 util 4688 5840 (0.000) QUERY = u'SELECT "django_content_type"."id", "django_content_type"."name", "django_content_type"."app_label", "django_content_type"."model" FROM "django_content_type" WHERE "django_content_type"."app_label" = %s  ORDER BY "django_content_type"."name" ASC' - PARAMS = (u'contenttypes',); args=(u'contenttypes',)
DEBUG 2014-03-10 05:53:09,700 util 4688 5840 (0.000) QUERY = u'SELECT "django_content_type"."id", "django_content_type"."name", "django_content_type"."app_label", "django_content_type"."model" FROM "django_content_type" WHERE ("django_content_type"."model" = %s  AND "django_content_type"."app_label" = %s )' - PARAMS = (u'session', u'sessions'); args=('session', u'sessions')
DEBUG 2014-03-10 05:53:09,701 util 4688 5840 (0.000) QUERY = u'SELECT "auth_permission"."content_type_id", "auth_permission"."codename" FROM "auth_permission" INNER JOIN "django_content_type" ON ( "auth_permission"."content_type_id" = "django_content_type"."id" ) WHERE "auth_permission"."content_type_id" IN (%s) ORDER BY "django_content_type"."app_label" ASC, "django_content_type"."model" ASC, "auth_permission"."codename" ASC' - PARAMS = (5,); args=(5,)
DEBUG 2014-03-10 05:53:09,703 util 4688 5840 (0.000) QUERY = u'SELECT "django_content_type"."id", "django_content_type"."name", "django_content_type"."app_label", "django_content_type"."model" FROM "django_content_type" WHERE "django_content_type"."app_label" = %s  ORDER BY "django_content_type"."name" ASC' - PARAMS = (u'sessions',); args=(u'sessions',)
DEBUG 2014-03-10 05:53:09,703 util 4688 5840 (0.000) QUERY = u'SELECT "django_content_type"."id", "django_content_type"."name", "django_content_type"."app_label", "django_content_type"."model" FROM "django_content_type" WHERE ("django_content_type"."model" = %s  AND "django_content_type"."app_label" = %s )' - PARAMS = (u'site', u'sites'); args=('site', u'sites')
DEBUG 2014-03-10 05:53:09,704 util 4688 5840 (0.000) QUERY = u'SELECT "auth_permission"."content_type_id", "auth_permission"."codename" FROM "auth_permission" INNER JOIN "django_content_type" ON ( "auth_permission"."content_type_id" = "django_content_type"."id" ) WHERE "auth_permission"."content_type_id" IN (%s) ORDER BY "django_content_type"."app_label" ASC, "django_content_type"."model" ASC, "auth_permission"."codename" ASC' - PARAMS = (6,); args=(6,)
DEBUG 2014-03-10 05:53:09,706 util 4688 5840 (0.000) QUERY = u'SELECT "django_content_type"."id", "django_content_type"."name", "django_content_type"."app_label", "django_content_type"."model" FROM "django_content_type" WHERE "django_content_type"."app_label" = %s  ORDER BY "django_content_type"."name" ASC' - PARAMS = (u'sites',); args=(u'sites',)
DEBUG 2014-03-10 05:53:09,707 util 4688 5840 (0.000) QUERY = u'SELECT "django_content_type"."id", "django_content_type"."name", "django_content_type"."app_label", "django_content_type"."model" FROM "django_content_type" WHERE ("django_content_type"."model" = %s  AND "django_content_type"."app_label" = %s )' - PARAMS = (u'user', u'vote_app'); args=('user', u'vote_app')
DEBUG 2014-03-10 05:53:09,709 util 4688 5840 (0.000) QUERY = u'SELECT "auth_permission"."content_type_id", "auth_permission"."codename" FROM "auth_permission" INNER JOIN "django_content_type" ON ( "auth_permission"."content_type_id" = "django_content_type"."id" ) WHERE "auth_permission"."content_type_id" IN (%s) ORDER BY "django_content_type"."app_label" ASC, "django_content_type"."model" ASC, "auth_permission"."codename" ASC' - PARAMS = (9,); args=(9,)
DEBUG 2014-03-10 05:53:09,710 util 4688 5840 (0.000) QUERY = u'SELECT "django_content_type"."id", "django_content_type"."name", "django_content_type"."app_label", "django_content_type"."model" FROM "django_content_type" WHERE "django_content_type"."app_label" = %s  ORDER BY "django_content_type"."name" ASC' - PARAMS = (u'vote_app',); args=(u'vote_app',)
DEBUG 2014-03-10 05:53:09,710 util 4688 5840 (0.000) QUERY = u'SELECT "django_content_type"."id", "django_content_type"."name", "django_content_type"."app_label", "django_content_type"."model" FROM "django_content_type" WHERE ("django_content_type"."model" = %s  AND "django_content_type"."app_label" = %s )' - PARAMS = (u'caller', u'django_twilio'); args=('caller', u'django_twilio')
DEBUG 2014-03-10 05:53:09,711 util 4688 5840 (0.001) QUERY = u'SELECT "django_content_type"."id", "django_content_type"."name", "django_content_type"."app_label", "django_content_type"."model" FROM "django_content_type" WHERE ("django_content_type"."model" = %s  AND "django_content_type"."app_label" = %s )' - PARAMS = (u'credential', u'django_twilio'); args=('credential', u'django_twilio')
DEBUG 2014-03-10 05:53:09,713 util 4688 5840 (0.001) QUERY = u'SELECT "auth_permission"."content_type_id", "auth_permission"."codename" FROM "auth_permission" INNER JOIN "django_content_type" ON ( "auth_permission"."content_type_id" = "django_content_type"."id" ) WHERE "auth_permission"."content_type_id" IN (%s, %s) ORDER BY "django_content_type"."app_label" ASC, "django_content_type"."model" ASC, "auth_permission"."codename" ASC' - PARAMS = (8, 7); args=(8, 7)
DEBUG 2014-03-10 05:53:09,713 util 4688 5840 (0.000) QUERY = u'SELECT "django_content_type"."id", "django_content_type"."name", "django_content_type"."app_label", "django_content_type"."model" FROM "django_content_type" WHERE "django_content_type"."app_label" = %s  ORDER BY "django_content_type"."name" ASC' - PARAMS = (u'django_twilio',); args=(u'django_twilio',)
DEBUG 2014-03-10 05:53:09,717 util 4688 5840 (0.000) QUERY = u'BEGIN' - PARAMS = (); args=None
DEBUG 2014-03-10 06:15:00,436 util 12496 11964 (0.002) QUERY = u'SELECT "vote_app_user"."id", "vote_app_user"."time", "vote_app_user"."number", "vote_app_user"."body" FROM "vote_app_user" ORDER BY "vote_app_user"."time" ASC' - PARAMS = (); args=()
ERROR 2014-03-10 06:15:54,361 base 12600 15144 Internal Server Error: /send_text
Traceback (most recent call last):
  File "C:\Workspace\Hackathon2014\site-packages\django\core\handlers\base.py", line 132, in get_response
    raise ValueError("The view %s.%s didn't return an HttpResponse object." % (callback.__module__, view_name))
ValueError: The view vote_app.views.send_text didn't return an HttpResponse object.
ERROR 2014-03-10 06:16:31,703 base 8120 13716 Internal Server Error: /send_text
Traceback (most recent call last):
  File "C:\Workspace\Hackathon2014\site-packages\django\core\handlers\base.py", line 202, in get_response
    response = self.apply_response_fixes(request, response)
  File "C:\Workspace\Hackathon2014\site-packages\django\core\handlers\base.py", line 247, in apply_response_fixes
    response = func(request, response)
  File "C:\Workspace\Hackathon2014\site-packages\django\http\utils.py", line 20, in fix_location_header
    if 'Location' in response and request.get_host():
TypeError: argument of type 'bool' is not iterable
WARNING 2014-03-10 06:26:28,721 base 6298 4420726784 Not Found: /proxy/solveClosestFacility
WARNING 2014-03-10 06:26:48,792 base 6298 4420726784 Not Found: /proxy/solveClosestFacility
ERROR 2014-03-10 07:20:55,463 base 15624 16168 Internal Server Error: /
Traceback (most recent call last):
  File "C:\Workspace\Hackathon2014\site-packages\django\core\handlers\base.py", line 114, in get_response
    response = wrapped_callback(request, *callback_args, **callback_kwargs)
  File "C:\Workspace\Hackathon2014\site-packages\django\views\generic\base.py", line 69, in view
    return self.dispatch(request, *args, **kwargs)
  File "C:\Workspace\Hackathon2014\site-packages\django\views\generic\base.py", line 87, in dispatch
    return handler(request, *args, **kwargs)
  File "C:\Workspace\Hackathon2014\site-packages\django\views\generic\base.py", line 154, in get
    context = self.get_context_data(**kwargs)
  File "C:\Workspace\Hackathon2014\SAMVotes\vote_app\views.py", line 43, in get_context_data
    resp, content = h.request("https://www.arcgis.com/sharing/oauth2/token?client_id=IWuR7oUBNlG38ytK&client_secret=012e8dc3d4854c978b11106b2e49a227&grant_type=client_credentials")
  File "C:\Workspace\eaglepy\eaglepy-library\src\httplib2\__init__.py", line 1544, in request
    (response, content) = self._request(conn, authority, uri, request_uri, method, body, headers, redirections, cachekey)
  File "C:\Workspace\eaglepy\eaglepy-library\src\httplib2\__init__.py", line 1294, in _request
    (response, content) = self._conn_request(conn, request_uri, method, body, headers)
  File "C:\Workspace\eaglepy\eaglepy-library\src\httplib2\__init__.py", line 1230, in _conn_request
    conn.connect()
  File "C:\Workspace\eaglepy\eaglepy-library\src\httplib2\__init__.py", line 1005, in connect
    raise SSLHandshakeError(e)
SSLHandshakeError: [Errno 1] _ssl.c:504: error:14090086:SSL routines:SSL3_GET_SERVER_CERTIFICATE:certificate verify failed
ERROR 2014-03-10 07:25:13,325 base 15624 14940 Internal Server Error: /
Traceback (most recent call last):
  File "C:\Workspace\Hackathon2014\site-packages\django\core\handlers\base.py", line 114, in get_response
    response = wrapped_callback(request, *callback_args, **callback_kwargs)
  File "C:\Workspace\Hackathon2014\site-packages\django\views\generic\base.py", line 69, in view
    return self.dispatch(request, *args, **kwargs)
  File "C:\Workspace\Hackathon2014\site-packages\django\views\generic\base.py", line 87, in dispatch
    return handler(request, *args, **kwargs)
  File "C:\Workspace\Hackathon2014\site-packages\django\views\generic\base.py", line 154, in get
    context = self.get_context_data(**kwargs)
  File "C:\Workspace\Hackathon2014\SAMVotes\vote_app\views.py", line 43, in get_context_data
    resp, content = h.request("https://www.arcgis.com/sharing/oauth2/token?client_id=IWuR7oUBNlG38ytK&client_secret=012e8dc3d4854c978b11106b2e49a227&grant_type=client_credentials")
  File "C:\Workspace\eaglepy\eaglepy-library\src\httplib2\__init__.py", line 1544, in request
    (response, content) = self._request(conn, authority, uri, request_uri, method, body, headers, redirections, cachekey)
  File "C:\Workspace\eaglepy\eaglepy-library\src\httplib2\__init__.py", line 1294, in _request
    (response, content) = self._conn_request(conn, request_uri, method, body, headers)
  File "C:\Workspace\eaglepy\eaglepy-library\src\httplib2\__init__.py", line 1230, in _conn_request
    conn.connect()
  File "C:\Workspace\eaglepy\eaglepy-library\src\httplib2\__init__.py", line 1005, in connect
    raise SSLHandshakeError(e)
SSLHandshakeError: [Errno 1] _ssl.c:504: error:14090086:SSL routines:SSL3_GET_SERVER_CERTIFICATE:certificate verify failed
ERROR 2014-03-10 07:28:01,158 base 16540 14856 Internal Server Error: /
Traceback (most recent call last):
  File "C:\Workspace\Hackathon2014\site-packages\django\core\handlers\base.py", line 114, in get_response
    response = wrapped_callback(request, *callback_args, **callback_kwargs)
  File "C:\Workspace\Hackathon2014\site-packages\django\views\generic\base.py", line 69, in view
    return self.dispatch(request, *args, **kwargs)
  File "C:\Workspace\Hackathon2014\site-packages\django\views\generic\base.py", line 87, in dispatch
    return handler(request, *args, **kwargs)
  File "C:\Workspace\Hackathon2014\site-packages\django\views\generic\base.py", line 154, in get
    context = self.get_context_data(**kwargs)
  File "C:\Workspace\Hackathon2014\SAMVotes\vote_app\views.py", line 43, in get_context_data
    resp, content = h.request("https://www.arcgis.com/sharing/oauth2/token?client_id=IWuR7oUBNlG38ytK&client_secret=012e8dc3d4854c978b11106b2e49a227&grant_type=client_credentials")
  File "C:\Workspace\eaglepy\eaglepy-library\src\httplib2\__init__.py", line 1544, in request
    (response, content) = self._request(conn, authority, uri, request_uri, method, body, headers, redirections, cachekey)
  File "C:\Workspace\eaglepy\eaglepy-library\src\httplib2\__init__.py", line 1294, in _request
    (response, content) = self._conn_request(conn, request_uri, method, body, headers)
  File "C:\Workspace\eaglepy\eaglepy-library\src\httplib2\__init__.py", line 1230, in _conn_request
    conn.connect()
  File "C:\Workspace\eaglepy\eaglepy-library\src\httplib2\__init__.py", line 1005, in connect
    raise SSLHandshakeError(e)
SSLHandshakeError: [Errno 1] _ssl.c:504: error:14090086:SSL routines:SSL3_GET_SERVER_CERTIFICATE:certificate verify failed
ERROR 2014-03-10 07:30:14,426 base 16540 11576 Internal Server Error: /
Traceback (most recent call last):
  File "C:\Workspace\Hackathon2014\site-packages\django\core\handlers\base.py", line 114, in get_response
    response = wrapped_callback(request, *callback_args, **callback_kwargs)
  File "C:\Workspace\Hackathon2014\site-packages\django\views\generic\base.py", line 69, in view
    return self.dispatch(request, *args, **kwargs)
  File "C:\Workspace\Hackathon2014\site-packages\django\views\generic\base.py", line 87, in dispatch
    return handler(request, *args, **kwargs)
  File "C:\Workspace\Hackathon2014\site-packages\django\views\generic\base.py", line 154, in get
    context = self.get_context_data(**kwargs)
  File "C:\Workspace\Hackathon2014\SAMVotes\vote_app\views.py", line 43, in get_context_data
    resp, content = h.request("https://www.arcgis.com/sharing/oauth2/token?client_id=IWuR7oUBNlG38ytK&client_secret=012e8dc3d4854c978b11106b2e49a227&grant_type=client_credentials")
  File "C:\Workspace\eaglepy\eaglepy-library\src\httplib2\__init__.py", line 1544, in request
    (response, content) = self._request(conn, authority, uri, request_uri, method, body, headers, redirections, cachekey)
  File "C:\Workspace\eaglepy\eaglepy-library\src\httplib2\__init__.py", line 1294, in _request
    (response, content) = self._conn_request(conn, request_uri, method, body, headers)
  File "C:\Workspace\eaglepy\eaglepy-library\src\httplib2\__init__.py", line 1230, in _conn_request
    conn.connect()
  File "C:\Workspace\eaglepy\eaglepy-library\src\httplib2\__init__.py", line 1005, in connect
    raise SSLHandshakeError(e)
SSLHandshakeError: [Errno 1] _ssl.c:504: error:14090086:SSL routines:SSL3_GET_SERVER_CERTIFICATE:certificate verify failed
ERROR 2014-03-10 07:36:05,434 base 12028 13924 Internal Server Error: /
Traceback (most recent call last):
  File "C:\Workspace\Hackathon2014\site-packages\django\core\handlers\base.py", line 114, in get_response
    response = wrapped_callback(request, *callback_args, **callback_kwargs)
  File "C:\Workspace\Hackathon2014\site-packages\django\views\generic\base.py", line 69, in view
    return self.dispatch(request, *args, **kwargs)
  File "C:\Workspace\Hackathon2014\site-packages\django\views\generic\base.py", line 87, in dispatch
    return handler(request, *args, **kwargs)
  File "C:\Workspace\Hackathon2014\site-packages\django\views\generic\base.py", line 154, in get
    context = self.get_context_data(**kwargs)
  File "C:\Workspace\Hackathon2014\SAMVotes\vote_app\views.py", line 44, in get_context_data
    resp, content = h.request("https://www.arcgis.com/sharing/oauth2/token?client_id=IWuR7oUBNlG38ytK&client_secret=012e8dc3d4854c978b11106b2e49a227&grant_type=client_credentials")
  File "C:\Workspace\eaglepy\eaglepy-library\src\httplib2\__init__.py", line 1544, in request
    (response, content) = self._request(conn, authority, uri, request_uri, method, body, headers, redirections, cachekey)
  File "C:\Workspace\eaglepy\eaglepy-library\src\httplib2\__init__.py", line 1294, in _request
    (response, content) = self._conn_request(conn, request_uri, method, body, headers)
  File "C:\Workspace\eaglepy\eaglepy-library\src\httplib2\__init__.py", line 1230, in _conn_request
    conn.connect()
  File "C:\Workspace\eaglepy\eaglepy-library\src\httplib2\__init__.py", line 1005, in connect
    raise SSLHandshakeError(e)
SSLHandshakeError: [Errno 1] _ssl.c:504: error:14090086:SSL routines:SSL3_GET_SERVER_CERTIFICATE:certificate verify failed
ERROR 2014-03-10 07:36:47,082 base 10400 17112 Internal Server Error: /
Traceback (most recent call last):
  File "C:\Workspace\Hackathon2014\site-packages\django\core\handlers\base.py", line 114, in get_response
    response = wrapped_callback(request, *callback_args, **callback_kwargs)
  File "C:\Workspace\Hackathon2014\site-packages\django\views\generic\base.py", line 69, in view
    return self.dispatch(request, *args, **kwargs)
  File "C:\Workspace\Hackathon2014\site-packages\django\views\generic\base.py", line 87, in dispatch
    return handler(request, *args, **kwargs)
  File "C:\Workspace\Hackathon2014\site-packages\django\views\generic\base.py", line 154, in get
    context = self.get_context_data(**kwargs)
  File "C:\Workspace\Hackathon2014\SAMVotes\vote_app\views.py", line 43, in get_context_data
    resp, content = h.request("https://www.arcgis.com/sharing/oauth2/token?client_id=IWuR7oUBNlG38ytK&client_secret=012e8dc3d4854c978b11106b2e49a227&grant_type=client_credentials")
  File "C:\Workspace\eaglepy\eaglepy-library\src\httplib2\__init__.py", line 1544, in request
    (response, content) = self._request(conn, authority, uri, request_uri, method, body, headers, redirections, cachekey)
  File "C:\Workspace\eaglepy\eaglepy-library\src\httplib2\__init__.py", line 1294, in _request
    (response, content) = self._conn_request(conn, request_uri, method, body, headers)
  File "C:\Workspace\eaglepy\eaglepy-library\src\httplib2\__init__.py", line 1230, in _conn_request
    conn.connect()
  File "C:\Workspace\eaglepy\eaglepy-library\src\httplib2\__init__.py", line 1005, in connect
    raise SSLHandshakeError(e)
SSLHandshakeError: [Errno 1] _ssl.c:504: error:14090086:SSL routines:SSL3_GET_SERVER_CERTIFICATE:certificate verify failed
ERROR 2014-03-10 07:40:27,236 base 6628 13108 Internal Server Error: /
Traceback (most recent call last):
  File "C:\Workspace\Hackathon2014\site-packages\django\core\handlers\base.py", line 114, in get_response
    response = wrapped_callback(request, *callback_args, **callback_kwargs)
  File "C:\Workspace\Hackathon2014\site-packages\django\views\generic\base.py", line 69, in view
    return self.dispatch(request, *args, **kwargs)
  File "C:\Workspace\Hackathon2014\site-packages\django\views\generic\base.py", line 87, in dispatch
    return handler(request, *args, **kwargs)
  File "C:\Workspace\Hackathon2014\site-packages\django\views\generic\base.py", line 154, in get
    context = self.get_context_data(**kwargs)
  File "C:\Workspace\Hackathon2014\SAMVotes\vote_app\views.py", line 43, in get_context_data
    resp, content = h.request("https://www.arcgis.com/sharing/oauth2/token?client_id=IWuR7oUBNlG38ytK&client_secret=012e8dc3d4854c978b11106b2e49a227&grant_type=client_credentials")
  File "C:\Workspace\eaglepy\eaglepy-library\src\httplib2\__init__.py", line 1544, in request
    (response, content) = self._request(conn, authority, uri, request_uri, method, body, headers, redirections, cachekey)
  File "C:\Workspace\eaglepy\eaglepy-library\src\httplib2\__init__.py", line 1294, in _request
    (response, content) = self._conn_request(conn, request_uri, method, body, headers)
  File "C:\Workspace\eaglepy\eaglepy-library\src\httplib2\__init__.py", line 1230, in _conn_request
    conn.connect()
  File "C:\Workspace\eaglepy\eaglepy-library\src\httplib2\__init__.py", line 1005, in connect
    raise SSLHandshakeError(e)
SSLHandshakeError: [Errno 1] _ssl.c:504: error:14090086:SSL routines:SSL3_GET_SERVER_CERTIFICATE:certificate verify failed
ERROR 2014-03-10 07:43:09,992 base 6628 14520 Internal Server Error: /
Traceback (most recent call last):
  File "C:\Workspace\Hackathon2014\site-packages\django\core\handlers\base.py", line 114, in get_response
    response = wrapped_callback(request, *callback_args, **callback_kwargs)
  File "C:\Workspace\Hackathon2014\site-packages\django\views\generic\base.py", line 69, in view
    return self.dispatch(request, *args, **kwargs)
  File "C:\Workspace\Hackathon2014\site-packages\django\views\generic\base.py", line 87, in dispatch
    return handler(request, *args, **kwargs)
  File "C:\Workspace\Hackathon2014\site-packages\django\views\generic\base.py", line 154, in get
    context = self.get_context_data(**kwargs)
  File "C:\Workspace\Hackathon2014\SAMVotes\vote_app\views.py", line 43, in get_context_data
    resp, content = h.request("https://www.arcgis.com/sharing/oauth2/token?client_id=IWuR7oUBNlG38ytK&client_secret=012e8dc3d4854c978b11106b2e49a227&grant_type=client_credentials")
  File "C:\Workspace\eaglepy\eaglepy-library\src\httplib2\__init__.py", line 1544, in request
    (response, content) = self._request(conn, authority, uri, request_uri, method, body, headers, redirections, cachekey)
  File "C:\Workspace\eaglepy\eaglepy-library\src\httplib2\__init__.py", line 1294, in _request
    (response, content) = self._conn_request(conn, request_uri, method, body, headers)
  File "C:\Workspace\eaglepy\eaglepy-library\src\httplib2\__init__.py", line 1230, in _conn_request
    conn.connect()
  File "C:\Workspace\eaglepy\eaglepy-library\src\httplib2\__init__.py", line 1005, in connect
    raise SSLHandshakeError(e)
SSLHandshakeError: [Errno 1] _ssl.c:504: error:14090086:SSL routines:SSL3_GET_SERVER_CERTIFICATE:certificate verify failed
ERROR 2014-03-10 07:45:00,927 base 6628 8228 Internal Server Error: /
Traceback (most recent call last):
  File "C:\Workspace\Hackathon2014\site-packages\django\core\handlers\base.py", line 114, in get_response
    response = wrapped_callback(request, *callback_args, **callback_kwargs)
  File "C:\Workspace\Hackathon2014\site-packages\django\views\generic\base.py", line 69, in view
    return self.dispatch(request, *args, **kwargs)
  File "C:\Workspace\Hackathon2014\site-packages\django\views\generic\base.py", line 87, in dispatch
    return handler(request, *args, **kwargs)
  File "C:\Workspace\Hackathon2014\site-packages\django\views\generic\base.py", line 154, in get
    context = self.get_context_data(**kwargs)
  File "C:\Workspace\Hackathon2014\SAMVotes\vote_app\views.py", line 43, in get_context_data
    resp, content = h.request("https://www.arcgis.com/sharing/oauth2/token?client_id=IWuR7oUBNlG38ytK&client_secret=012e8dc3d4854c978b11106b2e49a227&grant_type=client_credentials")
  File "C:\Workspace\eaglepy\eaglepy-library\src\httplib2\__init__.py", line 1544, in request
    (response, content) = self._request(conn, authority, uri, request_uri, method, body, headers, redirections, cachekey)
  File "C:\Workspace\eaglepy\eaglepy-library\src\httplib2\__init__.py", line 1294, in _request
    (response, content) = self._conn_request(conn, request_uri, method, body, headers)
  File "C:\Workspace\eaglepy\eaglepy-library\src\httplib2\__init__.py", line 1230, in _conn_request
    conn.connect()
  File "C:\Workspace\eaglepy\eaglepy-library\src\httplib2\__init__.py", line 1005, in connect
    raise SSLHandshakeError(e)
SSLHandshakeError: [Errno 1] _ssl.c:504: error:14090086:SSL routines:SSL3_GET_SERVER_CERTIFICATE:certificate verify failed
ERROR 2014-03-10 07:45:38,872 base 6628 11624 Internal Server Error: /
Traceback (most recent call last):
  File "C:\Workspace\Hackathon2014\site-packages\django\core\handlers\base.py", line 114, in get_response
    response = wrapped_callback(request, *callback_args, **callback_kwargs)
  File "C:\Workspace\Hackathon2014\site-packages\django\views\generic\base.py", line 69, in view
    return self.dispatch(request, *args, **kwargs)
  File "C:\Workspace\Hackathon2014\site-packages\django\views\generic\base.py", line 87, in dispatch
    return handler(request, *args, **kwargs)
  File "C:\Workspace\Hackathon2014\site-packages\django\views\generic\base.py", line 154, in get
    context = self.get_context_data(**kwargs)
  File "C:\Workspace\Hackathon2014\SAMVotes\vote_app\views.py", line 43, in get_context_data
    resp, content = h.request("https://www.arcgis.com/sharing/oauth2/token?client_id=IWuR7oUBNlG38ytK&client_secret=012e8dc3d4854c978b11106b2e49a227&grant_type=client_credentials")
  File "C:\Workspace\eaglepy\eaglepy-library\src\httplib2\__init__.py", line 1544, in request
    (response, content) = self._request(conn, authority, uri, request_uri, method, body, headers, redirections, cachekey)
  File "C:\Workspace\eaglepy\eaglepy-library\src\httplib2\__init__.py", line 1294, in _request
    (response, content) = self._conn_request(conn, request_uri, method, body, headers)
  File "C:\Workspace\eaglepy\eaglepy-library\src\httplib2\__init__.py", line 1230, in _conn_request
    conn.connect()
  File "C:\Workspace\eaglepy\eaglepy-library\src\httplib2\__init__.py", line 1005, in connect
    raise SSLHandshakeError(e)
SSLHandshakeError: [Errno 1] _ssl.c:504: error:14090086:SSL routines:SSL3_GET_SERVER_CERTIFICATE:certificate verify failed
ERROR 2014-03-10 07:47:53,944 base 6628 14008 Internal Server Error: /
Traceback (most recent call last):
  File "C:\Workspace\Hackathon2014\site-packages\django\core\handlers\base.py", line 114, in get_response
    response = wrapped_callback(request, *callback_args, **callback_kwargs)
  File "C:\Workspace\Hackathon2014\site-packages\django\views\generic\base.py", line 69, in view
    return self.dispatch(request, *args, **kwargs)
  File "C:\Workspace\Hackathon2014\site-packages\django\views\generic\base.py", line 87, in dispatch
    return handler(request, *args, **kwargs)
  File "C:\Workspace\Hackathon2014\site-packages\django\views\generic\base.py", line 154, in get
    context = self.get_context_data(**kwargs)
  File "C:\Workspace\Hackathon2014\SAMVotes\vote_app\views.py", line 43, in get_context_data
    resp, content = h.request("https://www.arcgis.com/sharing/oauth2/token?client_id=IWuR7oUBNlG38ytK&client_secret=012e8dc3d4854c978b11106b2e49a227&grant_type=client_credentials")
  File "C:\Workspace\eaglepy\eaglepy-library\src\httplib2\__init__.py", line 1544, in request
    (response, content) = self._request(conn, authority, uri, request_uri, method, body, headers, redirections, cachekey)
  File "C:\Workspace\eaglepy\eaglepy-library\src\httplib2\__init__.py", line 1294, in _request
    (response, content) = self._conn_request(conn, request_uri, method, body, headers)
  File "C:\Workspace\eaglepy\eaglepy-library\src\httplib2\__init__.py", line 1230, in _conn_request
    conn.connect()
  File "C:\Workspace\eaglepy\eaglepy-library\src\httplib2\__init__.py", line 1005, in connect
    raise SSLHandshakeError(e)
SSLHandshakeError: [Errno 1] _ssl.c:504: error:14090086:SSL routines:SSL3_GET_SERVER_CERTIFICATE:certificate verify failed
DEBUG 2014-03-10 09:07:42,407 util 15912 13572 (0.002) QUERY = u'BEGIN' - PARAMS = (); args=None
DEBUG 2014-03-10 09:07:42,423 util 15912 13572 (0.001) QUERY = u'INSERT INTO "vote_app_user" ("time", "number", "body") VALUES (%s, %s, %s)' - PARAMS = (u'2014-03-10 14:07:42.339000', 2816861001L, u'something'); args=[u'2014-03-10 14:07:42.339000', 2816861001L, u'something']
DEBUG 2014-03-10 09:09:08,134 util 15912 17796 (0.037) QUERY = u'SELECT "vote_app_user"."id", "vote_app_user"."time", "vote_app_user"."number", "vote_app_user"."body" FROM "vote_app_user" ORDER BY "vote_app_user"."time" DESC' - PARAMS = (); args=()
DEBUG 2014-03-10 09:09:41,779 util 15912 1964 (0.001) QUERY = u'BEGIN' - PARAMS = (); args=None
DEBUG 2014-03-10 09:09:41,779 util 15912 1964 (0.001) QUERY = u'INSERT INTO "vote_app_user" ("time", "number", "body") VALUES (%s, %s, %s)' - PARAMS = (u'2014-03-10 14:09:41.778000', 2816309495L, u'something'); args=[u'2014-03-10 14:09:41.778000', 2816309495L, u'something']
DEBUG 2014-03-10 09:10:58,338 util 15912 12876 (0.000) QUERY = u'BEGIN' - PARAMS = (); args=None
DEBUG 2014-03-10 09:10:58,344 util 15912 12876 (0.003) QUERY = u'INSERT INTO "vote_app_user" ("time", "number", "body") VALUES (%s, %s, %s)' - PARAMS = (u'2014-03-10 14:10:58.338000', 2816861001L, u'something'); args=[u'2014-03-10 14:10:58.338000', 2816861001L, u'something']
ERROR 2014-03-10 09:10:58,351 base 15912 12876 Internal Server Error: /sms
Traceback (most recent call last):
  File "C:\Workspace\Hackathon2014\site-packages\django\core\handlers\base.py", line 114, in get_response
    response = wrapped_callback(request, *callback_args, **callback_kwargs)
  File "C:\Workspace\Hackathon2014\SAMVotes\vote_app\views.py", line 77, in reply_to_sms_messages
    return r
UnboundLocalError: local variable 'r' referenced before assignment
DEBUG 2014-03-10 09:14:04,217 util 15932 11812 (0.002) QUERY = u'SELECT "vote_app_user"."id", "vote_app_user"."time", "vote_app_user"."number", "vote_app_user"."body" FROM "vote_app_user" ORDER BY "vote_app_user"."time" DESC' - PARAMS = (); args=()
DEBUG 2014-03-10 09:14:32,980 util 15932 9432 (0.000) QUERY = u'BEGIN' - PARAMS = (); args=None
DEBUG 2014-03-10 09:14:32,986 util 15932 9432 (0.003) QUERY = u'INSERT INTO "vote_app_user" ("time", "number", "body") VALUES (%s, %s, %s)' - PARAMS = (u'2014-03-10 14:14:32.980000', 8329223574L, u'something'); args=[u'2014-03-10 14:14:32.980000', 8329223574L, u'something']
WARNING 2014-03-10 09:20:48,913 base 12772 15428 Not Found: /jame
DEBUG 2014-03-10 09:20:56,517 util 12772 1112 (0.001) QUERY = u'SELECT "vote_app_user"."id", "vote_app_user"."time", "vote_app_user"."number", "vote_app_user"."body" FROM "vote_app_user" ORDER BY "vote_app_user"."time" DESC' - PARAMS = (); args=()
DEBUG 2014-03-10 09:21:16,838 util 12772 13904 (0.001) QUERY = u'SELECT "vote_app_user"."id", "vote_app_user"."time", "vote_app_user"."number", "vote_app_user"."body" FROM "vote_app_user"' - PARAMS = (); args=()
DEBUG 2014-03-10 09:21:16,838 util 12772 13904 (0.000) QUERY = u'BEGIN' - PARAMS = (); args=None
DEBUG 2014-03-10 09:21:16,844 util 12772 13904 (0.001) QUERY = u'INSERT INTO "vote_app_user" ("time", "number", "body") VALUES (%s, %s, %s)' - PARAMS = (u'2014-03-10 14:21:16.839000', 2816861001L, u'something'); args=[u'2014-03-10 14:21:16.839000', 2816861001L, u'something']
DEBUG 2014-03-10 09:28:08,459 util 18036 16316 (0.001) QUERY = u'SELECT "vote_app_user"."id", "vote_app_user"."time", "vote_app_user"."number", "vote_app_user"."body" FROM "vote_app_user" WHERE "vote_app_user"."number" = %s ' - PARAMS = (2816861001L,); args=(2816861001L,)
DEBUG 2014-03-10 09:28:08,460 util 18036 16316 (0.000) QUERY = u'BEGIN' - PARAMS = (); args=None
DEBUG 2014-03-10 09:28:08,461 util 18036 16316 (0.001) QUERY = u'INSERT INTO "vote_app_user" ("time", "number", "body") VALUES (%s, %s, %s)' - PARAMS = (u'2014-03-10 14:28:08.460000', 2816861001L, u'something'); args=[u'2014-03-10 14:28:08.460000', 2816861001L, u'something']
DEBUG 2014-03-10 09:28:12,571 util 18036 17912 (0.001) QUERY = u'SELECT "vote_app_user"."id", "vote_app_user"."time", "vote_app_user"."number", "vote_app_user"."body" FROM "vote_app_user" WHERE "vote_app_user"."number" = %s ' - PARAMS = (2816861001L,); args=(2816861001L,)
DEBUG 2014-03-10 09:28:12,572 util 18036 17912 (0.000) QUERY = u'BEGIN' - PARAMS = (); args=None
DEBUG 2014-03-10 09:28:12,572 util 18036 17912 (0.001) QUERY = u'INSERT INTO "vote_app_user" ("time", "number", "body") VALUES (%s, %s, %s)' - PARAMS = (u'2014-03-10 14:28:12.572000', 2816861001L, u'something'); args=[u'2014-03-10 14:28:12.572000', 2816861001L, u'something']
WARNING 2014-03-12 00:27:11,720 base 13302 4387840000 Not Found: /favicon.ico
DEBUG 2014-03-12 03:44:45,801 util 16362 4421509120 (0.003) QUERY = u'SELECT "vote_app_user"."id", "vote_app_user"."time", "vote_app_user"."number", "vote_app_user"."body" FROM "vote_app_user"' - PARAMS = (); args=()
DEBUG 2014-03-12 03:45:01,062 util 16391 4584755200 (0.000) QUERY = u'SELECT "vote_app_user"."id", "vote_app_user"."time", "vote_app_user"."number", "vote_app_user"."body" FROM "vote_app_user"' - PARAMS = (); args=()
DEBUG 2014-03-12 04:59:50,963 util 17817 4492914688 (0.003) QUERY = u'SELECT "vote_app_user"."id", "vote_app_user"."time", "vote_app_user"."number", "vote_app_user"."body" FROM "vote_app_user" ORDER BY "vote_app_user"."time" DESC' - PARAMS = (); args=()
DEBUG 2014-03-12 05:01:35,701 util 17817 4492914688 (0.001) QUERY = u'SELECT "vote_app_user"."id", "vote_app_user"."time", "vote_app_user"."number", "vote_app_user"."body" FROM "vote_app_user" ORDER BY "vote_app_user"."time" DESC' - PARAMS = (); args=()
DEBUG 2014-03-12 05:01:46,757 util 17817 4492914688 (0.001) QUERY = u'SELECT "vote_app_user"."id", "vote_app_user"."time", "vote_app_user"."number", "vote_app_user"."body" FROM "vote_app_user" ORDER BY "vote_app_user"."time" DESC' - PARAMS = (); args=()
DEBUG 2014-03-12 05:02:07,704 util 17817 4492914688 (0.000) QUERY = u'SELECT "vote_app_user"."id", "vote_app_user"."time", "vote_app_user"."number", "vote_app_user"."body" FROM "vote_app_user" ORDER BY "vote_app_user"."time" DESC' - PARAMS = (); args=()
DEBUG 2014-03-12 05:03:51,663 util 17856 4385349632 (0.000) QUERY = u'SELECT "vote_app_user"."id", "vote_app_user"."time", "vote_app_user"."number", "vote_app_user"."body" FROM "vote_app_user" ORDER BY "vote_app_user"."time" DESC' - PARAMS = (); args=()
DEBUG 2014-03-12 05:03:57,762 util 17856 4385349632 (0.001) QUERY = u'SELECT "vote_app_user"."id", "vote_app_user"."time", "vote_app_user"."number", "vote_app_user"."body" FROM "vote_app_user" ORDER BY "vote_app_user"."time" DESC' - PARAMS = (); args=()
ERROR 2014-03-12 05:04:24,370 base 17870 4409987072 Internal Server Error: /jamie
Traceback (most recent call last):
  File "/Users/cmoravec/PycharmProjects/Hackathon2014/site-packages/django/core/handlers/base.py", line 114, in get_response
    response = wrapped_callback(request, *callback_args, **callback_kwargs)
  File "/Users/cmoravec/PycharmProjects/Hackathon2014/SAMVotes/vote_app/views.py", line 102, in jamie_view
    return HttpResponse(json.dumps(smss), 'application/JSON')
  File "/System/Library/Frameworks/Python.framework/Versions/2.7/lib/python2.7/json/__init__.py", line 243, in dumps
    return _default_encoder.encode(obj)
  File "/System/Library/Frameworks/Python.framework/Versions/2.7/lib/python2.7/json/encoder.py", line 207, in encode
    chunks = self.iterencode(o, _one_shot=True)
  File "/System/Library/Frameworks/Python.framework/Versions/2.7/lib/python2.7/json/encoder.py", line 270, in iterencode
    return _iterencode(o, 0)
  File "/System/Library/Frameworks/Python.framework/Versions/2.7/lib/python2.7/json/encoder.py", line 184, in default
    raise TypeError(repr(o) + " is not JSON serializable")
TypeError: <twilio.rest.resources.sms_messages.ShortCode object at 0x106f0dd50> is not JSON serializable
ERROR 2014-03-12 05:05:51,649 base 17901 4542447616 Internal Server Error: /jamie
Traceback (most recent call last):
  File "/Users/cmoravec/PycharmProjects/Hackathon2014/site-packages/django/core/handlers/base.py", line 114, in get_response
    response = wrapped_callback(request, *callback_args, **callback_kwargs)
  File "/Users/cmoravec/PycharmProjects/Hackathon2014/SAMVotes/vote_app/views.py", line 102, in jamie_view
    j_list.append({'body': x.body, 'number': x.number})
AttributeError: 'ShortCode' object has no attribute 'body'
ERROR 2014-03-12 05:08:27,797 base 17931 4497584128 Internal Server Error: /jamie
Traceback (most recent call last):
  File "/Users/cmoravec/PycharmProjects/Hackathon2014/site-packages/django/core/handlers/base.py", line 114, in get_response
    response = wrapped_callback(request, *callback_args, **callback_kwargs)
  File "/Users/cmoravec/PycharmProjects/Hackathon2014/SAMVotes/vote_app/views.py", line 102, in jamie_view
    j_list.append({'body': x['body'], 'number': x['number']})
TypeError: 'ShortCode' object has no attribute '__getitem__'
ERROR 2014-03-12 05:10:55,216 base 17979 4502831104 Internal Server Error: /jamie
Traceback (most recent call last):
  File "/Users/cmoravec/PycharmProjects/Hackathon2014/site-packages/django/core/handlers/base.py", line 114, in get_response
    response = wrapped_callback(request, *callback_args, **callback_kwargs)
  File "/Users/cmoravec/PycharmProjects/Hackathon2014/SAMVotes/vote_app/views.py", line 103, in jamie_view
    j_list.append({'body': x['body'], 'number': x['number']})
TypeError: 'SmsMessage' object has no attribute '__getitem__'
ERROR 2014-03-12 05:11:26,308 base 17996 4425732096 Internal Server Error: /jamie
Traceback (most recent call last):
  File "/Users/cmoravec/PycharmProjects/Hackathon2014/site-packages/django/core/handlers/base.py", line 114, in get_response
    response = wrapped_callback(request, *callback_args, **callback_kwargs)
  File "/Users/cmoravec/PycharmProjects/Hackathon2014/SAMVotes/vote_app/views.py", line 103, in jamie_view
    j_list.append({'body': x.body, 'number': x.number})
AttributeError: 'SmsMessage' object has no attribute 'number'
ERROR 2014-03-12 05:11:39,209 base 18001 4424200192 Internal Server Error: /jamie
Traceback (most recent call last):
  File "/Users/cmoravec/PycharmProjects/Hackathon2014/site-packages/django/core/handlers/base.py", line 114, in get_response
    response = wrapped_callback(request, *callback_args, **callback_kwargs)
  File "/Users/cmoravec/PycharmProjects/Hackathon2014/SAMVotes/vote_app/views.py", line 103, in jamie_view
    j_list.append({'body': x.body, 'number': x.From})
AttributeError: 'SmsMessage' object has no attribute 'From'
ERROR 2014-03-12 05:11:55,594 base 18011 4479205376 Internal Server Error: /jamie
Traceback (most recent call last):
  File "/Users/cmoravec/PycharmProjects/Hackathon2014/site-packages/django/core/handlers/base.py", line 90, in get_response
    response = middleware_method(request)
  File "/Users/cmoravec/PycharmProjects/Hackathon2014/site-packages/django/middleware/common.py", line 71, in process_request
    if (not urlresolvers.is_valid_path(request.path_info, urlconf) and
  File "/Users/cmoravec/PycharmProjects/Hackathon2014/site-packages/django/core/urlresolvers.py", line 573, in is_valid_path
    resolve(path, urlconf)
  File "/Users/cmoravec/PycharmProjects/Hackathon2014/site-packages/django/core/urlresolvers.py", line 453, in resolve
    return get_resolver(urlconf).resolve(path)
  File "/Users/cmoravec/PycharmProjects/Hackathon2014/site-packages/django/core/urlresolvers.py", line 318, in resolve
    for pattern in self.url_patterns:
  File "/Users/cmoravec/PycharmProjects/Hackathon2014/site-packages/django/core/urlresolvers.py", line 346, in url_patterns
    patterns = getattr(self.urlconf_module, "urlpatterns", self.urlconf_module)
  File "/Users/cmoravec/PycharmProjects/Hackathon2014/site-packages/django/core/urlresolvers.py", line 341, in urlconf_module
    self._urlconf_module = import_module(self.urlconf_name)
  File "/Users/cmoravec/PycharmProjects/Hackathon2014/site-packages/django/utils/importlib.py", line 40, in import_module
    __import__(name)
  File "/Users/cmoravec/PycharmProjects/Hackathon2014/SAMVotes/SAMVotes/urls.py", line 2, in <module>
    from vote_app.views import reply_to_sms_messages
  File "/Users/cmoravec/PycharmProjects/Hackathon2014/SAMVotes/vote_app/views.py", line 103
    j_list.append({'body': x.body, 'number': x.from})
                                                  ^
SyntaxError: invalid syntax
ERROR 2014-03-12 05:12:16,269 base 18019 4450410496 Internal Server Error: /jamie
Traceback (most recent call last):
  File "/Users/cmoravec/PycharmProjects/Hackathon2014/site-packages/django/core/handlers/base.py", line 90, in get_response
    response = middleware_method(request)
  File "/Users/cmoravec/PycharmProjects/Hackathon2014/site-packages/django/middleware/common.py", line 71, in process_request
    if (not urlresolvers.is_valid_path(request.path_info, urlconf) and
  File "/Users/cmoravec/PycharmProjects/Hackathon2014/site-packages/django/core/urlresolvers.py", line 573, in is_valid_path
    resolve(path, urlconf)
  File "/Users/cmoravec/PycharmProjects/Hackathon2014/site-packages/django/core/urlresolvers.py", line 453, in resolve
    return get_resolver(urlconf).resolve(path)
  File "/Users/cmoravec/PycharmProjects/Hackathon2014/site-packages/django/core/urlresolvers.py", line 318, in resolve
    for pattern in self.url_patterns:
  File "/Users/cmoravec/PycharmProjects/Hackathon2014/site-packages/django/core/urlresolvers.py", line 346, in url_patterns
    patterns = getattr(self.urlconf_module, "urlpatterns", self.urlconf_module)
  File "/Users/cmoravec/PycharmProjects/Hackathon2014/site-packages/django/core/urlresolvers.py", line 341, in urlconf_module
    self._urlconf_module = import_module(self.urlconf_name)
  File "/Users/cmoravec/PycharmProjects/Hackathon2014/site-packages/django/utils/importlib.py", line 40, in import_module
    __import__(name)
  File "/Users/cmoravec/PycharmProjects/Hackathon2014/SAMVotes/SAMVotes/urls.py", line 2, in <module>
    from vote_app.views import reply_to_sms_messages
  File "/Users/cmoravec/PycharmProjects/Hackathon2014/SAMVotes/vote_app/views.py", line 103
    j_list.append({'body': x.body, 'number': x.from})
                                                  ^
SyntaxError: invalid syntax
ERROR 2014-03-12 05:14:13,101 base 18043 4499795968 Internal Server Error: /
Traceback (most recent call last):
  File "/Users/cmoravec/PycharmProjects/Hackathon2014/site-packages/django/core/handlers/base.py", line 101, in get_response
    resolver_match = resolver.resolve(request.path_info)
  File "/Users/cmoravec/PycharmProjects/Hackathon2014/site-packages/django/core/urlresolvers.py", line 318, in resolve
    for pattern in self.url_patterns:
  File "/Users/cmoravec/PycharmProjects/Hackathon2014/site-packages/django/core/urlresolvers.py", line 346, in url_patterns
    patterns = getattr(self.urlconf_module, "urlpatterns", self.urlconf_module)
  File "/Users/cmoravec/PycharmProjects/Hackathon2014/site-packages/django/core/urlresolvers.py", line 341, in urlconf_module
    self._urlconf_module = import_module(self.urlconf_name)
  File "/Users/cmoravec/PycharmProjects/Hackathon2014/site-packages/django/utils/importlib.py", line 40, in import_module
    __import__(name)
  File "/Users/cmoravec/PycharmProjects/Hackathon2014/SAMVotes/SAMVotes/urls.py", line 15, in <module>
    from vote_app.views import text_count
ImportError: cannot import name text_count
